<?xml version="1.0" encoding="utf-8"?><testsuite errors="0" failures="0" name="pytest" skipped="0" tests="2" time="0.210"><testcase classname="vtypes.tests.test_vtypes" file="vtypes/tests/test_vtypes.py" line="9" name="test_vtype_basic" time="0.008"></testcase><testcase classname="vtypes.tests.test_vtypes" file="vtypes/tests/test_vtypes.py" line="21" name="test_vtypes_advanced" time="0.003"></testcase></testsuite>