<?xml version="1.0" encoding="utf-8"?><testsuite errors="0" failures="0" name="pytest" skipped="0" tests="37" time="0.434"><testcase classname="vtypes.tests.test_doc" file="vtypes/tests/test_doc.py" line="9" name="test_doc_first" time="0.034"></testcase><testcase classname="vtypes.tests.test_doc" file="vtypes/tests/test_doc.py" line="24" name="test_doc_second" time="0.002"></testcase><testcase classname="vtypes.tests.test_vtypes" file="vtypes/tests/test_vtypes.py" line="13" name="test_vtype_basic[vtype_style=function-validator_style=callable-1-True-True]" time="0.003"></testcase><testcase classname="vtypes.tests.test_vtypes" file="vtypes/tests/test_vtypes.py" line="13" name="test_vtype_basic[vtype_style=function-validator_style=callable--1-True-False]" time="0.003"></testcase><testcase classname="vtypes.tests.test_vtypes" file="vtypes/tests/test_vtypes.py" line="13" name="test_vtype_basic[vtype_style=function-validator_style=callable-1-False-False]" time="0.003"></testcase><testcase classname="vtypes.tests.test_vtypes" file="vtypes/tests/test_vtypes.py" line="13" name="test_vtype_basic[vtype_style=function-validator_style=tuple-1-True-True]" time="0.002"></testcase><testcase classname="vtypes.tests.test_vtypes" file="vtypes/tests/test_vtypes.py" line="13" name="test_vtype_basic[vtype_style=function-validator_style=tuple--1-True-False]" time="0.003"></testcase><testcase classname="vtypes.tests.test_vtypes" file="vtypes/tests/test_vtypes.py" line="13" name="test_vtype_basic[vtype_style=function-validator_style=tuple-1-False-False]" time="0.003"></testcase><testcase classname="vtypes.tests.test_vtypes" file="vtypes/tests/test_vtypes.py" line="13" name="test_vtype_basic[vtype_style=function-validator_style=dict-1-True-True]" time="0.002"></testcase><testcase classname="vtypes.tests.test_vtypes" file="vtypes/tests/test_vtypes.py" line="13" name="test_vtype_basic[vtype_style=function-validator_style=dict--1-True-False]" time="0.003"></testcase><testcase classname="vtypes.tests.test_vtypes" file="vtypes/tests/test_vtypes.py" line="13" name="test_vtype_basic[vtype_style=function-validator_style=dict-1-False-False]" time="0.003"></testcase><testcase classname="vtypes.tests.test_vtypes" file="vtypes/tests/test_vtypes.py" line="13" name="test_vtype_basic[vtype_style=function-validator_style=list-1-True-True]" time="0.002"></testcase><testcase classname="vtypes.tests.test_vtypes" file="vtypes/tests/test_vtypes.py" line="13" name="test_vtype_basic[vtype_style=function-validator_style=list--1-True-False]" time="0.003"></testcase><testcase classname="vtypes.tests.test_vtypes" file="vtypes/tests/test_vtypes.py" line="13" name="test_vtype_basic[vtype_style=function-validator_style=list-1-False-False]" time="0.003"></testcase><testcase classname="vtypes.tests.test_vtypes" file="vtypes/tests/test_vtypes.py" line="13" name="test_vtype_basic[vtype_style=class-validator_style=callable-1-True-True]" time="0.002"></testcase><testcase classname="vtypes.tests.test_vtypes" file="vtypes/tests/test_vtypes.py" line="13" name="test_vtype_basic[vtype_style=class-validator_style=callable--1-True-False]" time="0.002"></testcase><testcase classname="vtypes.tests.test_vtypes" file="vtypes/tests/test_vtypes.py" line="13" name="test_vtype_basic[vtype_style=class-validator_style=callable-1-False-False]" time="0.002"></testcase><testcase classname="vtypes.tests.test_vtypes" file="vtypes/tests/test_vtypes.py" line="13" name="test_vtype_basic[vtype_style=class-validator_style=tuple-1-True-True]" time="0.002"></testcase><testcase classname="vtypes.tests.test_vtypes" file="vtypes/tests/test_vtypes.py" line="13" name="test_vtype_basic[vtype_style=class-validator_style=tuple--1-True-False]" time="0.002"></testcase><testcase classname="vtypes.tests.test_vtypes" file="vtypes/tests/test_vtypes.py" line="13" name="test_vtype_basic[vtype_style=class-validator_style=tuple-1-False-False]" time="0.002"></testcase><testcase classname="vtypes.tests.test_vtypes" file="vtypes/tests/test_vtypes.py" line="13" name="test_vtype_basic[vtype_style=class-validator_style=dict-1-True-True]" time="0.002"></testcase><testcase classname="vtypes.tests.test_vtypes" file="vtypes/tests/test_vtypes.py" line="13" name="test_vtype_basic[vtype_style=class-validator_style=dict--1-True-False]" time="0.002"></testcase><testcase classname="vtypes.tests.test_vtypes" file="vtypes/tests/test_vtypes.py" line="13" name="test_vtype_basic[vtype_style=class-validator_style=dict-1-False-False]" time="0.003"></testcase><testcase classname="vtypes.tests.test_vtypes" file="vtypes/tests/test_vtypes.py" line="13" name="test_vtype_basic[vtype_style=class-validator_style=list-1-True-True]" time="0.002"></testcase><testcase classname="vtypes.tests.test_vtypes" file="vtypes/tests/test_vtypes.py" line="13" name="test_vtype_basic[vtype_style=class-validator_style=list--1-True-False]" time="0.004"></testcase><testcase classname="vtypes.tests.test_vtypes" file="vtypes/tests/test_vtypes.py" line="13" name="test_vtype_basic[vtype_style=class-validator_style=list-1-False-False]" time="0.004"></testcase><testcase classname="vtypes.tests.test_vtypes" file="vtypes/tests/test_vtypes.py" line="86" name="test_vtype_direct_vtype_meta" time="0.002"></testcase><testcase classname="vtypes.tests.test_vtypes" file="vtypes/tests/test_vtypes.py" line="95" name="test_extra_class_attr" time="0.002"></testcase><testcase classname="vtypes.tests.test_vtypes" file="vtypes/tests/test_vtypes.py" line="103" name="test_vtypes_inheritance[1-True-True-vtype_style=function]" time="0.003"></testcase><testcase classname="vtypes.tests.test_vtypes" file="vtypes/tests/test_vtypes.py" line="103" name="test_vtypes_inheritance[1-True-True-vtype_style=class]" time="0.005"></testcase><testcase classname="vtypes.tests.test_vtypes" file="vtypes/tests/test_vtypes.py" line="103" name="test_vtypes_inheritance[1-True-True-vtype_style=class2]" time="0.004"></testcase><testcase classname="vtypes.tests.test_vtypes" file="vtypes/tests/test_vtypes.py" line="103" name="test_vtypes_inheritance[-True-False-vtype_style=function]" time="0.004"></testcase><testcase classname="vtypes.tests.test_vtypes" file="vtypes/tests/test_vtypes.py" line="103" name="test_vtypes_inheritance[-True-False-vtype_style=class]" time="0.002"></testcase><testcase classname="vtypes.tests.test_vtypes" file="vtypes/tests/test_vtypes.py" line="103" name="test_vtypes_inheritance[-True-False-vtype_style=class2]" time="0.002"></testcase><testcase classname="vtypes.tests.test_vtypes" file="vtypes/tests/test_vtypes.py" line="103" name="test_vtypes_inheritance[1-False-False-vtype_style=function]" time="0.003"></testcase><testcase classname="vtypes.tests.test_vtypes" file="vtypes/tests/test_vtypes.py" line="103" name="test_vtypes_inheritance[1-False-False-vtype_style=class]" time="0.002"></testcase><testcase classname="vtypes.tests.test_vtypes" file="vtypes/tests/test_vtypes.py" line="103" name="test_vtypes_inheritance[1-False-False-vtype_style=class2]" time="0.003"></testcase></testsuite>