<?xml version="1.0" encoding="utf-8"?><testsuite errors="0" failures="0" name="pytest" skipped="0" tests="27" time="0.385"><testcase classname="vtypes.tests.test_vtypes" file="vtypes/tests/test_vtypes.py" line="13" name="test_vtype_basic[vtype_style=function-validator_style=callable-1-True-True]" time="0.035"></testcase><testcase classname="vtypes.tests.test_vtypes" file="vtypes/tests/test_vtypes.py" line="13" name="test_vtype_basic[vtype_style=function-validator_style=callable--1-True-False]" time="0.003"></testcase><testcase classname="vtypes.tests.test_vtypes" file="vtypes/tests/test_vtypes.py" line="13" name="test_vtype_basic[vtype_style=function-validator_style=callable-1-False-False]" time="0.003"></testcase><testcase classname="vtypes.tests.test_vtypes" file="vtypes/tests/test_vtypes.py" line="13" name="test_vtype_basic[vtype_style=function-validator_style=tuple-1-True-True]" time="0.003"></testcase><testcase classname="vtypes.tests.test_vtypes" file="vtypes/tests/test_vtypes.py" line="13" name="test_vtype_basic[vtype_style=function-validator_style=tuple--1-True-False]" time="0.003"></testcase><testcase classname="vtypes.tests.test_vtypes" file="vtypes/tests/test_vtypes.py" line="13" name="test_vtype_basic[vtype_style=function-validator_style=tuple-1-False-False]" time="0.003"></testcase><testcase classname="vtypes.tests.test_vtypes" file="vtypes/tests/test_vtypes.py" line="13" name="test_vtype_basic[vtype_style=function-validator_style=dict-1-True-True]" time="0.003"></testcase><testcase classname="vtypes.tests.test_vtypes" file="vtypes/tests/test_vtypes.py" line="13" name="test_vtype_basic[vtype_style=function-validator_style=dict--1-True-False]" time="0.003"></testcase><testcase classname="vtypes.tests.test_vtypes" file="vtypes/tests/test_vtypes.py" line="13" name="test_vtype_basic[vtype_style=function-validator_style=dict-1-False-False]" time="0.003"></testcase><testcase classname="vtypes.tests.test_vtypes" file="vtypes/tests/test_vtypes.py" line="13" name="test_vtype_basic[vtype_style=function-validator_style=list-1-True-True]" time="0.003"></testcase><testcase classname="vtypes.tests.test_vtypes" file="vtypes/tests/test_vtypes.py" line="13" name="test_vtype_basic[vtype_style=function-validator_style=list--1-True-False]" time="0.003"></testcase><testcase classname="vtypes.tests.test_vtypes" file="vtypes/tests/test_vtypes.py" line="13" name="test_vtype_basic[vtype_style=function-validator_style=list-1-False-False]" time="0.003"></testcase><testcase classname="vtypes.tests.test_vtypes" file="vtypes/tests/test_vtypes.py" line="13" name="test_vtype_basic[vtype_style=class_unofficial-validator_style=callable-1-True-True]" time="0.002"></testcase><testcase classname="vtypes.tests.test_vtypes" file="vtypes/tests/test_vtypes.py" line="13" name="test_vtype_basic[vtype_style=class_unofficial-validator_style=callable--1-True-False]" time="0.003"></testcase><testcase classname="vtypes.tests.test_vtypes" file="vtypes/tests/test_vtypes.py" line="13" name="test_vtype_basic[vtype_style=class_unofficial-validator_style=callable-1-False-False]" time="0.003"></testcase><testcase classname="vtypes.tests.test_vtypes" file="vtypes/tests/test_vtypes.py" line="13" name="test_vtype_basic[vtype_style=class_unofficial-validator_style=tuple-1-True-True]" time="0.003"></testcase><testcase classname="vtypes.tests.test_vtypes" file="vtypes/tests/test_vtypes.py" line="13" name="test_vtype_basic[vtype_style=class_unofficial-validator_style=tuple--1-True-False]" time="0.003"></testcase><testcase classname="vtypes.tests.test_vtypes" file="vtypes/tests/test_vtypes.py" line="13" name="test_vtype_basic[vtype_style=class_unofficial-validator_style=tuple-1-False-False]" time="0.002"></testcase><testcase classname="vtypes.tests.test_vtypes" file="vtypes/tests/test_vtypes.py" line="13" name="test_vtype_basic[vtype_style=class_unofficial-validator_style=dict-1-True-True]" time="0.002"></testcase><testcase classname="vtypes.tests.test_vtypes" file="vtypes/tests/test_vtypes.py" line="13" name="test_vtype_basic[vtype_style=class_unofficial-validator_style=dict--1-True-False]" time="0.002"></testcase><testcase classname="vtypes.tests.test_vtypes" file="vtypes/tests/test_vtypes.py" line="13" name="test_vtype_basic[vtype_style=class_unofficial-validator_style=dict-1-False-False]" time="0.003"></testcase><testcase classname="vtypes.tests.test_vtypes" file="vtypes/tests/test_vtypes.py" line="13" name="test_vtype_basic[vtype_style=class_unofficial-validator_style=list-1-True-True]" time="0.002"></testcase><testcase classname="vtypes.tests.test_vtypes" file="vtypes/tests/test_vtypes.py" line="13" name="test_vtype_basic[vtype_style=class_unofficial-validator_style=list--1-True-False]" time="0.002"></testcase><testcase classname="vtypes.tests.test_vtypes" file="vtypes/tests/test_vtypes.py" line="13" name="test_vtype_basic[vtype_style=class_unofficial-validator_style=list-1-False-False]" time="0.002"></testcase><testcase classname="vtypes.tests.test_vtypes" file="vtypes/tests/test_vtypes.py" line="77" name="test_vtypes_inheritance[1-True-True]" time="0.003"></testcase><testcase classname="vtypes.tests.test_vtypes" file="vtypes/tests/test_vtypes.py" line="77" name="test_vtypes_inheritance[-True-False]" time="0.002"></testcase><testcase classname="vtypes.tests.test_vtypes" file="vtypes/tests/test_vtypes.py" line="77" name="test_vtypes_inheritance[1-False-False]" time="0.003"></testcase></testsuite>